<?xml version="1.0" encoding="UTF-8"?>
<!-- Generated by org.testng.reporters.JUnitReportReporter -->
<testsuite hostname="LTIN165600" failures="0" tests="1" name="Identifynewbikes.Hackathon" time="0.064" errors="0" timestamp="2024-02-19T18:16:27 IST" skipped="0">
  <testcase classname="Identifynewbikes.Hackathon" name="k" time="0.064"/>
  <system-out/>
</testsuite> <!-- Identifynewbikes.Hackathon -->
