<?xml version="1.0" encoding="UTF-8"?>
<!-- Generated by org.testng.reporters.JUnitReportReporter -->
<testsuite hostname="LTIN165600" failures="0" tests="2" name="testCases.TC_01_Identifynewbikes_01" time="34.054" errors="0" timestamp="2024-02-28T20:27:08 IST" skipped="0">
  <testcase classname="testCases.TC_01_Identifynewbikes_01" name="bikeVerification" time="11.461"/>
  <system-out/>
  <testcase classname="testCases.TC_01_Identifynewbikes_01" name="bikeVerification1" time="22.593"/>
  <system-out/>
</testsuite> <!-- testCases.TC_01_Identifynewbikes_01 -->
