<?xml version="1.0" encoding="UTF-8"?>
<!-- Generated by org.testng.reporters.JUnitReportReporter -->
<testsuite hostname="LTIN165600" failures="0" tests="3" name="testCases.TC_01_Identifynewbikes" time="125.836" errors="0" timestamp="2024-02-27T00:49:50 IST" skipped="0">
  <testcase classname="testCases.TC_01_Identifynewbikes" name="bikeVerification" time="25.180"/>
  <system-out/>
  <testcase classname="testCases.TC_01_Identifynewbikes" name="carVerification" time="82.637"/>
  <system-out/>
  <testcase classname="testCases.TC_01_Identifynewbikes" name="googleVerification" time="18.019"/>
  <system-out/>
</testsuite> <!-- testCases.TC_01_Identifynewbikes -->
