<?xml version="1.0" encoding="UTF-8"?>
<!-- Generated by org.testng.reporters.JUnitReportReporter -->
<testsuite hostname="LTIN165600" failures="0" tests="4" name="testCases.TC_01_Identifynewbikes_02" time="78.889" errors="0" timestamp="2024-02-28T20:27:08 IST" skipped="0">
  <testcase classname="testCases.TC_01_Identifynewbikes_02" name="carVerification" time="37.008"/>
  <system-out/>
  <testcase classname="testCases.TC_01_Identifynewbikes_02" name="carVerification2" time="22.580"/>
  <system-out/>
  <testcase classname="testCases.TC_01_Identifynewbikes_02" name="carVerification3" time="8.426"/>
  <system-out/>
  <testcase classname="testCases.TC_01_Identifynewbikes_02" name="carVerification4" time="10.875"/>
  <system-out/>
</testsuite> <!-- testCases.TC_01_Identifynewbikes_02 -->
