<?xml version="1.0" encoding="UTF-8"?>
<!-- Generated by org.testng.reporters.JUnitReportReporter -->
<testsuite hostname="LTIN165600" failures="0" tests="1" name="testCases.TC_01_Identifynewbikes_03" time="24.760" errors="0" timestamp="2024-02-28T20:27:08 IST" skipped="0">
  <testcase classname="testCases.TC_01_Identifynewbikes_03" name="googleVerification" time="24.760"/>
  <system-out/>
</testsuite> <!-- testCases.TC_01_Identifynewbikes_03 -->
