<?xml version="1.0" encoding="UTF-8"?>
<!-- Generated by org.testng.reporters.JUnitReportReporter -->
<testsuite hostname="LTIN165600" failures="0" tests="1" name="Identifynewbikes.Browsingpage" time="183.882" errors="0" timestamp="2024-02-26T11:59:10 IST" skipped="0">
  <testcase classname="Identifynewbikes.Browsingpage" name="bikeandcar" time="183.882"/>
  <system-out/>
</testsuite> <!-- Identifynewbikes.Browsingpage -->
