<?xml version="1.0" encoding="UTF-8"?>
<!-- Generated by org.testng.reporters.JUnitReportReporter -->
<testsuite hostname="LTIN165600" failures="0" tests="4" name="testCases.TC_01_Identifynewbikes_02" time="104.709" errors="0" timestamp="2024-02-28T15:56:44 IST" skipped="0">
  <testcase classname="testCases.TC_01_Identifynewbikes_02" name="carVerification" time="58.709"/>
  <testcase classname="testCases.TC_01_Identifynewbikes_02" name="carVerification2" time="25.308"/>
  <testcase classname="testCases.TC_01_Identifynewbikes_02" name="carVerification3" time="9.640"/>
  <testcase classname="testCases.TC_01_Identifynewbikes_02" name="carVerification4" time="11.052"/>
</testsuite> <!-- testCases.TC_01_Identifynewbikes_02 -->
