<?xml version="1.0" encoding="UTF-8"?>
<!-- Generated by org.testng.reporters.JUnitReportReporter -->
<testsuite hostname="LTIN165600" failures="0" tests="1" name="testCases.TC_01_Identifynewbikes_03" time="75.330" errors="0" timestamp="2024-02-28T15:56:44 IST" skipped="0">
  <testcase classname="testCases.TC_01_Identifynewbikes_03" name="googleVerification" time="75.330"/>
</testsuite> <!-- testCases.TC_01_Identifynewbikes_03 -->
